2025-10-02 15:04:53,841 - INFO - Configuration loaded successfully.
2025-10-02 15:04:54,473 - INFO - Bot and Dispatcher initialized successfully.
2025-10-02 15:04:54,475 - INFO - Starting in WEBHOOK mode.
2025-10-02 15:05:05,918 - INFO - Configuration loaded successfully.
2025-10-02 15:05:06,341 - INFO - Bot and Dispatcher initialized successfully.
2025-10-02 15:05:06,343 - INFO - Starting in POLLING mode.
2025-10-02 15:05:06,344 - INFO - Deleting webhook and starting polling...
2025-10-02 15:05:07,054 - INFO - Start polling
2025-10-02 15:05:07,054 - INFO - Polling stopped
2025-10-02 15:05:20,316 - INFO - Configuration loaded successfully.
2025-10-02 15:05:20,653 - INFO - Bot and Dispatcher initialized successfully.
2025-10-02 15:05:20,655 - INFO - Bot is starting...
2025-10-02 15:05:20,655 - INFO - Bot is running in POLLING mode.
2025-10-02 15:05:20,655 - INFO - Starting bot in polling mode...
2025-10-02 15:05:20,994 - INFO - Start polling
2025-10-02 15:05:21,107 - INFO - Run polling for bot @testrobot500asdbot id=7413706141 - 'Test'
2025-10-02 15:05:29,032 - INFO - Update id=269720233 is handled. Duration 582 ms by bot id=7413706141
2025-10-02 15:05:29,975 - INFO - Update id=269720234 is handled. Duration 212 ms by bot id=7413706141
2025-10-02 15:05:31,073 - INFO - Update id=269720235 is handled. Duration 171 ms by bot id=7413706141
2025-10-02 15:05:37,175 - INFO - Update id=269720236 is handled. Duration 230 ms by bot id=7413706141
2025-10-02 15:05:40,483 - INFO - Update id=269720237 is handled. Duration 153 ms by bot id=7413706141
2025-10-02 15:05:42,646 - INFO - Update id=269720238 is handled. Duration 174 ms by bot id=7413706141
2025-10-02 15:05:43,994 - INFO - Update id=269720239 is handled. Duration 164 ms by bot id=7413706141
2025-10-02 15:05:49,204 - INFO - Update id=269720240 is handled. Duration 179 ms by bot id=7413706141
2025-10-02 15:05:52,295 - INFO - Update id=269720241 is handled. Duration 178 ms by bot id=7413706141
2025-10-02 15:05:53,699 - INFO - Update id=269720242 is handled. Duration 265 ms by bot id=7413706141
2025-10-02 15:05:56,434 - INFO - Update id=269720243 is handled. Duration 188 ms by bot id=7413706141
2025-10-02 15:05:58,670 - INFO - Update id=269720244 is handled. Duration 218 ms by bot id=7413706141
2025-10-02 15:06:00,730 - INFO - Update id=269720245 is handled. Duration 234 ms by bot id=7413706141
2025-10-02 15:06:02,706 - INFO - Update id=269720246 is handled. Duration 157 ms by bot id=7413706141
2025-10-02 15:06:04,712 - INFO - Update id=269720247 is handled. Duration 223 ms by bot id=7413706141
2025-10-02 15:06:06,504 - INFO - Update id=269720248 is handled. Duration 154 ms by bot id=7413706141
2025-10-02 15:06:07,867 - INFO - Update id=269720249 is handled. Duration 241 ms by bot id=7413706141
2025-10-02 15:06:15,987 - INFO - Update id=269720250 is handled. Duration 1565 ms by bot id=7413706141
2025-10-02 15:07:47,037 - WARNING - Received SIGINT signal
2025-10-02 15:07:47,038 - INFO - Polling stopped for bot @testrobot500asdbot id=7413706141 - 'Test'
2025-10-02 15:07:47,038 - INFO - Polling stopped
2025-10-02 15:07:47,230 - WARNING - Received SIGINT signal
